# JRE version: Java(TM) SE Runtime Environment (19.0.1+10) (build 19.0.1+10-21)
# Java VM: Java HotSpot(TM) 64-Bit Server VM (19.0.1+10-21, mixed mode, sharing, tiered, compressed oops, compressed class ptrs, g1 gc, windows-amd64)
GC Precious Log:
 CardTable entry size: 512
 Card Set container configuration: InlinePtr #cards 5 size 8 Array Of Cards #cards 12 size 40 Howl #buckets 4 coarsen threshold 1843 Howl Bitmap #cards 512 size 80 coarsen threshold 460 Card regions per heap region 1 cards per card region 2048
 CPUs: 8 total, 8 available
 Memory: 7883M
 Large Page Support: Disabled
 NUMA Support: Disabled
 Compressed Oops: Enabled (32-bit)
 Heap Region Size: 1M
 Heap Min Capacity: 8M
 Heap Initial Capacity: 124M
 Heap Max Capacity: 1972M
 Pre-touch: Disabled
 Parallel Workers: 8
 Concurrent Workers: 2
 Concurrent Refinement Workers: 8
 Periodic GC: Disabled
Heap:
 garbage-first heap   total 68608K, used 42135K [0x0000000084c00000, 0x0000000100000000)
  region size 1024K, 7 young (7168K), 2 survivors (2048K)
 Metaspace       used 69593K, committed 70400K, reserved 1114112K
  class space    used 8985K, committed 9280K, reserved 1048576K
GC Heap History (20 events):
Event: 11.737 GC heap before
{Heap before GC invocations=17 (full 0):
 garbage-first heap   total 61440K, used 49655K [0x0000000084c00000, 0x0000000100000000)
  region size 1024K, 25 young (25600K), 3 survivors (3072K)
 Metaspace       used 56117K, committed 56576K, reserved 1114112K
  class space    used 7261K, committed 7488K, reserved 1048576K
}
Event: 11.741 GC heap after
{Heap after GC invocations=18 (full 0):
 garbage-first heap   total 61440K, used 29350K [0x0000000084c00000, 0x0000000100000000)
  region size 1024K, 4 young (4096K), 4 survivors (4096K)
 Metaspace       used 56117K, committed 56576K, reserved 1114112K
  class space    used 7261K, committed 7488K, reserved 1048576K
}
Event: 12.260 GC heap before
{Heap before GC invocations=18 (full 0):
 garbage-first heap   total 61440K, used 48806K [0x0000000084c00000, 0x0000000100000000)
  region size 1024K, 23 young (23552K), 4 survivors (4096K)
 Metaspace       used 58088K, committed 58624K, reserved 1114112K
  class space    used 7529K, committed 7808K, reserved 1048576K
}
Event: 12.264 GC heap after
{Heap after GC invocations=19 (full 0):
 garbage-first heap   total 61440K, used 31158K [0x0000000084c00000, 0x0000000100000000)
  region size 1024K, 2 young (2048K), 2 survivors (2048K)
 Metaspace       used 58088K, committed 58624K, reserved 1114112K
  class space    used 7529K, committed 7808K, reserved 1048576K
}
Event: 12.672 GC heap before
{Heap before GC invocations=19 (full 0):
 garbage-first heap   total 61440K, used 49590K [0x0000000084c00000, 0x0000000100000000)
  region size 1024K, 20 young (20480K), 2 survivors (2048K)
 Metaspace       used 60132K, committed 60608K, reserved 1114112K
  class space    used 7812K, committed 8064K, reserved 1048576K
}
Event: 12.675 GC heap after
{Heap after GC invocations=20 (full 0):
 garbage-first heap   total 61440K, used 33070K [0x0000000084c00000, 0x0000000100000000)
  region size 1024K, 2 young (2048K), 2 survivors (2048K)
 Metaspace       used 60132K, committed 60608K, reserved 1114112K
  class space    used 7812K, committed 8064K, reserved 1048576K
}
Event: 13.381 GC heap before
{Heap before GC invocations=21 (full 0):
 garbage-first heap   total 61440K, used 49454K [0x0000000084c00000, 0x0000000100000000)
  region size 1024K, 18 young (18432K), 2 survivors (2048K)
 Metaspace       used 62129K, committed 62656K, reserved 1114112K
  class space    used 8167K, committed 8384K, reserved 1048576K
}
Event: 13.387 GC heap after
{Heap after GC invocations=22 (full 0):
 garbage-first heap   total 61440K, used 34563K [0x0000000084c00000, 0x0000000100000000)
  region size 1024K, 2 young (2048K), 2 survivors (2048K)
 Metaspace       used 62129K, committed 62656K, reserved 1114112K
  class space    used 8167K, committed 8384K, reserved 1048576K
}
Event: 13.403 GC heap before
{Heap before GC invocations=22 (full 0):
 garbage-first heap   total 61440K, used 35587K [0x0000000084c00000, 0x0000000100000000)
  region size 1024K, 3 young (3072K), 2 survivors (2048K)
 Metaspace       used 62156K, committed 62656K, reserved 1114112K
  class space    used 8171K, committed 8384K, reserved 1048576K
}
Event: 13.407 GC heap after
{Heap after GC invocations=23 (full 0):
 garbage-first heap   total 61440K, used 34591K [0x0000000084c00000, 0x0000000100000000)
  region size 1024K, 1 young (1024K), 1 survivors (1024K)
 Metaspace       used 62156K, committed 62656K, reserved 1114112K
  class space    used 8171K, committed 8384K, reserved 1048576K
}
Event: 39.555 GC heap before
{Heap before GC invocations=23 (full 0):
 garbage-first heap   total 61440K, used 48927K [0x0000000084c00000, 0x0000000100000000)
  region size 1024K, 16 young (16384K), 1 survivors (1024K)
 Metaspace       used 64811K, committed 65344K, reserved 1114112K
  class space    used 8498K, committed 8768K, reserved 1048576K
}
Event: 39.558 GC heap after
{Heap after GC invocations=24 (full 0):
 garbage-first heap   total 61440K, used 35669K [0x0000000084c00000, 0x0000000100000000)
  region size 1024K, 2 young (2048K), 2 survivors (2048K)
 Metaspace       used 64811K, committed 65344K, reserved 1114112K
  class space    used 8498K, committed 8768K, reserved 1048576K
}
Event: 130.225 GC heap before
{Heap before GC invocations=25 (full 0):
 garbage-first heap   total 65536K, used 47957K [0x0000000084c00000, 0x0000000100000000)
  region size 1024K, 15 young (15360K), 2 survivors (2048K)
 Metaspace       used 67294K, committed 67840K, reserved 1114112K
  class space    used 8788K, committed 9024K, reserved 1048576K
}
Event: 130.228 GC heap after
{Heap after GC invocations=26 (full 0):
 garbage-first heap   total 65536K, used 37158K [0x0000000084c00000, 0x0000000100000000)
  region size 1024K, 2 young (2048K), 2 survivors (2048K)
 Metaspace       used 67294K, committed 67840K, reserved 1114112K
  class space    used 8788K, committed 9024K, reserved 1048576K
}
Event: 130.266 GC heap before
{Heap before GC invocations=26 (full 0):
 garbage-first heap   total 65536K, used 38182K [0x0000000084c00000, 0x0000000100000000)
  region size 1024K, 3 young (3072K), 2 survivors (2048K)
 Metaspace       used 67659K, committed 68224K, reserved 1114112K
  class space    used 8828K, committed 9088K, reserved 1048576K
}
Event: 130.269 GC heap after
{Heap after GC invocations=27 (full 0):
 garbage-first heap   total 65536K, used 36538K [0x0000000084c00000, 0x0000000100000000)
  region size 1024K, 1 young (1024K), 1 survivors (1024K)
 Metaspace       used 67659K, committed 68224K, reserved 1114112K
  class space    used 8828K, committed 9088K, reserved 1048576K
}
Event: 5478.843 GC heap before
{Heap before GC invocations=27 (full 0):
 garbage-first heap   total 65536K, used 50874K [0x0000000084c00000, 0x0000000100000000)
  region size 1024K, 16 young (16384K), 1 survivors (1024K)
 Metaspace       used 69680K, committed 70208K, reserved 1114112K
  class space    used 9047K, committed 9280K, reserved 1048576K
}
Event: 5478.924 GC heap after
{Heap after GC invocations=28 (full 0):
 garbage-first heap   total 65536K, used 37864K [0x0000000084c00000, 0x0000000100000000)
  region size 1024K, 2 young (2048K), 2 survivors (2048K)
 Metaspace       used 69680K, committed 70208K, reserved 1114112K
  class space    used 9047K, committed 9280K, reserved 1048576K
}
Event: 19588.499 GC heap before
{Heap before GC invocations=28 (full 0):
 garbage-first heap   total 65536K, used 51176K [0x0000000084c00000, 0x0000000100000000)
  region size 1024K, 16 young (16384K), 2 survivors (2048K)
 Metaspace       used 69820K, committed 70336K, reserved 1114112K
  class space    used 9048K, committed 9280K, reserved 1048576K
}
Event: 19588.622 GC heap after
{Heap after GC invocations=29 (full 0):
 garbage-first heap   total 65536K, used 39063K [0x0000000084c00000, 0x0000000100000000)
  region size 1024K, 2 young (2048K), 2 survivors (2048K)
 Metaspace       used 69820K, committed 70336K, reserved 1114112K
  class space    used 9048K, committed 9280K, reserved 1048576K
}

